Arguments: 
  /home/dev/.nvm/versions/node/v10.24.1/bin/node /home/dev/.yarn/bin/yarn.js install

PATH: 
  /usr/share/rvm/gems/ruby-3.0.0/bin:/home/dev/.nvm/versions/node/v10.24.1/bin:/home/dev/.yarn/bin:/home/dev/.config/yarn/global/node_modules/.bin:/usr/share/rvm/gems/ruby-3.0.0@global/bin:/usr/share/rvm/rubies/ruby-3.0.0/bin:/usr/local/sbin:/usr/local/bin:/usr/sbin:/usr/bin:/sbin:/bin:/usr/games:/usr/local/games:/snap/bin:/usr/share/rvm/bin

Yarn version: 
  1.22.19

Node version: 
  10.24.1

Platform: 
  linux x64

Trace: 
  SyntaxError: /home/dev/Desktop/testproject/blog_app/package.json: Unexpected token / in JSON at position 0
      at JSON.parse (<anonymous>)
      at /home/dev/.yarn/lib/cli.js:1629:59
      at Generator.next (<anonymous>)
      at step (/home/dev/.yarn/lib/cli.js:310:30)
      at /home/dev/.yarn/lib/cli.js:321:13

npm manifest: 
  // inside package.json
  {
  "name": "app",
  "private": "true",
  "dependencies": {
      "@hotwired/stimulus": "^3.0.1",
      "@hotwired/turbo-rails": "^7.1.0",
      "@popperjs/core": "^2.11.0",
      "bootstrap": "^5.1.3",
      "esbuild": "^0.14.5",
      "sass": "^1.45.0"
    }
  }

yarn manifest: 
  No manifest

Lockfile: 
  # THIS IS AN AUTOGENERATED FILE. DO NOT EDIT THIS FILE DIRECTLY.
  # yarn lockfile v1
  
  
  "@hotwired/stimulus@^3.1.0":
    version "3.1.0"
    resolved "https://registry.yarnpkg.com/@hotwired/stimulus/-/stimulus-3.1.0.tgz#20215251e5afe6e0a3787285181ba1bfc9097df0"
    integrity sha512-iDMHUhiEJ1xFeicyHcZQQgBzhtk5mPR0QZO3L6wtqzMsJEk2TKECuCQTGKjm+KJTHVY0dKq1dOOAWvODjpd2Mg==
